<?xml version="1.0" encoding="UTF-8"?>
<!-- Generated by org.testng.reporters.JUnitReportReporter -->
<testsuite hostname="DESKTOP-IG50DI0" failures="0" tests="1" name="Day2.second" time="1.521" errors="0" timestamp="2025-02-10T22:19:11 IST" skipped="0">
  <testcase classname="Day2.second" name="delete" time="1.521"/>
</testsuite> <!-- Day2.second -->
