<?xml version="1.0" encoding="UTF-8"?>
<!-- Generated by org.testng.reporters.JUnitReportReporter -->
<testsuite hostname="DESKTOP-IG50DI0" failures="0" tests="4" name="Day1.first" time="6.795" errors="0" timestamp="2025-02-08T23:00:23 IST" skipped="0">
  <testcase classname="Day1.first" name="getUser" time="3.360"/>
  <testcase classname="Day1.first" name="createUSer" time="1.055"/>
  <testcase classname="Day1.first" name="updateUser" time="0.711"/>
  <testcase classname="Day1.first" name="deleteUser" time="1.669"/>
</testsuite> <!-- Day1.first -->
