<?xml version="1.0" encoding="UTF-8"?>
<!-- Generated by org.testng.reporters.JUnitReportReporter -->
<testsuite hostname="DESKTOP-IG50DI0" failures="0" tests="1" name="Day2.byUsingJsonLibrary" time="1.609" errors="0" timestamp="2025-02-10T22:22:14 IST" skipped="0">
  <testcase classname="Day2.byUsingJsonLibrary" name="delete" time="1.609"/>
</testsuite> <!-- Day2.byUsingJsonLibrary -->
