<?xml version="1.0" encoding="UTF-8"?>
<!-- Generated by org.testng.reporters.JUnitReportReporter -->
<testsuite hostname="DESKTOP-IG50DI0" failures="0" tests="1" name="Day2.usingExternalFile" time="2.070" errors="0" timestamp="2025-02-10T22:55:31 IST" skipped="0">
  <testcase classname="Day2.usingExternalFile" name="fileTest" time="2.070"/>
</testsuite> <!-- Day2.usingExternalFile -->
