<?xml version="1.0" encoding="UTF-8"?>
<!-- Generated by org.testng.reporters.JUnitReportReporter -->
<testsuite hostname="DESKTOP-IG50DI0" failures="0" tests="1" name="Day2.usingPOJOClass" time="1.476" errors="0" timestamp="2025-02-10T22:40:41 IST" skipped="0">
  <testcase classname="Day2.usingPOJOClass" name="delete" time="1.476"/>
</testsuite> <!-- Day2.usingPOJOClass -->
